<?xml version="1.0" encoding="UTF-8"?>
<testng-results skipped="0" failed="1" ignored="0" total="1" passed="0">
  <reporter-output>
  </reporter-output>
  <suite name="Default suite" duration-ms="31307" started-at="2018-08-03T09:12:39Z" finished-at="2018-08-03T09:13:10Z">
    <groups>
    </groups>
    <test name="Default test" duration-ms="31307" started-at="2018-08-03T09:12:39Z" finished-at="2018-08-03T09:13:10Z">
      <class name="com.monkeyapp.test.HelloWorld">
        <test-method status="PASS" signature="beforeClass()[pri:0, instance:com.monkeyapp.test.HelloWorld@6093dd95]" name="beforeClass" is-config="true" duration-ms="9322" started-at="2018-08-03T09:12:39Z" finished-at="2018-08-03T09:12:48Z">
          <reporter-output>
          </reporter-output>
        </test-method> <!-- beforeClass -->
        <test-method status="FAIL" signature="f()[pri:0, instance:com.monkeyapp.test.HelloWorld@6093dd95]" name="f" duration-ms="21446" started-at="2018-08-03T09:12:48Z" finished-at="2018-08-03T09:13:09Z">
          <exception class="org.openqa.selenium.InvalidSelectorException">
            <message>
              <![CDATA[Locator Strategy '-ios uiautomation' is not supported for this session (WARNING: The server did not provide any stacktrace information)
Command duration or timeout: 27 milliseconds
For documentation on this error, please visit: http://seleniumhq.org/exceptions/invalid_selector_exception.html
Build info: version: '2.53.0', revision: '35ae25b', time: '2016-03-15 17:00:58'
System info: host: 'bogon', ip: '192.168.101.215', os.name: 'Mac OS X', os.arch: 'x86_64', os.version: '10.12.6', java.version: '1.8.0_131'
Driver info: io.appium.java_client.ios.IOSDriver
Capabilities [{app=/Users/joyliu/QA_JAVA/MonekyDemo/apps/Monkey.app, networkConnectionEnabled=false, noSign=true, databaseEnabled=false, deviceName=iPhone 8 Plus, platform=MAC, platformVersion=11.0, webStorageEnabled=false, locationContextEnabled=false, browserName=, takesScreenshot=true, javascriptEnabled=true, platformName=iOS, udid=7060850A-82F0-49EB-9438-6F950B036042, autoAcceptAlerts=true}]
Session ID: 22cdc922-0c8d-4fd4-bc88-65aaaa15bcfb
*** Element info: {Using=-ios uiautomation, value=.scrollToElementWithPredicate("name CONTAINS 'overtrue'")}]]>
            </message>
            <full-stacktrace>
              <![CDATA[org.openqa.selenium.InvalidSelectorException: Locator Strategy '-ios uiautomation' is not supported for this session (WARNING: The server did not provide any stacktrace information)
Command duration or timeout: 27 milliseconds
For documentation on this error, please visit: http://seleniumhq.org/exceptions/invalid_selector_exception.html
Build info: version: '2.53.0', revision: '35ae25b', time: '2016-03-15 17:00:58'
System info: host: 'bogon', ip: '192.168.101.215', os.name: 'Mac OS X', os.arch: 'x86_64', os.version: '10.12.6', java.version: '1.8.0_131'
Driver info: io.appium.java_client.ios.IOSDriver
Capabilities [{app=/Users/joyliu/QA_JAVA/MonekyDemo/apps/Monkey.app, networkConnectionEnabled=false, noSign=true, databaseEnabled=false, deviceName=iPhone 8 Plus, platform=MAC, platformVersion=11.0, webStorageEnabled=false, locationContextEnabled=false, browserName=, takesScreenshot=true, javascriptEnabled=true, platformName=iOS, udid=7060850A-82F0-49EB-9438-6F950B036042, autoAcceptAlerts=true}]
Session ID: 22cdc922-0c8d-4fd4-bc88-65aaaa15bcfb
*** Element info: {Using=-ios uiautomation, value=.scrollToElementWithPredicate("name CONTAINS 'overtrue'")}
at sun.reflect.NativeConstructorAccessorImpl.newInstance0(Native Method)
at sun.reflect.NativeConstructorAccessorImpl.newInstance(NativeConstructorAccessorImpl.java:62)
at sun.reflect.DelegatingConstructorAccessorImpl.newInstance(DelegatingConstructorAccessorImpl.java:45)
at java.lang.reflect.Constructor.newInstance(Constructor.java:423)
at org.openqa.selenium.remote.ErrorHandler.createThrowable(ErrorHandler.java:206)
at org.openqa.selenium.remote.ErrorHandler.throwIfResponseFailed(ErrorHandler.java:158)
at org.openqa.selenium.remote.RemoteWebDriver.execute(RemoteWebDriver.java:678)
at io.appium.java_client.DefaultGenericMobileDriver.execute(DefaultGenericMobileDriver.java:51)
at io.appium.java_client.AppiumDriver.execute(AppiumDriver.java:1)
at io.appium.java_client.ios.IOSDriver.execute(IOSDriver.java:1)
at org.openqa.selenium.remote.RemoteWebElement.execute(RemoteWebElement.java:327)
at io.appium.java_client.DefaultGenericMobileElement.execute(DefaultGenericMobileElement.java:46)
at io.appium.java_client.MobileElement.execute(MobileElement.java:1)
at io.appium.java_client.ios.IOSElement.execute(IOSElement.java:1)
at org.openqa.selenium.remote.RemoteWebElement.findElement(RemoteWebElement.java:198)
at io.appium.java_client.ios.IOSElement.findElementByIosUIAutomation(IOSElement.java:40)
at io.appium.java_client.ios.IOSElement.scrollTo(IOSElement.java:68)
at io.appium.java_client.ios.IOSElement.scrollTo(IOSElement.java:1)
at io.appium.java_client.ios.IOSDriver.scrollTo(IOSDriver.java:192)
at com.monkeyapp.test.HelloWorld.f(HelloWorld.java:65)
at sun.reflect.NativeMethodAccessorImpl.invoke0(Native Method)
at sun.reflect.NativeMethodAccessorImpl.invoke(NativeMethodAccessorImpl.java:62)
at sun.reflect.DelegatingMethodAccessorImpl.invoke(DelegatingMethodAccessorImpl.java:43)
at java.lang.reflect.Method.invoke(Method.java:498)
at org.testng.internal.MethodInvocationHelper.invokeMethod(MethodInvocationHelper.java:124)
at org.testng.internal.Invoker.invokeMethod(Invoker.java:580)
at org.testng.internal.Invoker.invokeTestMethod(Invoker.java:716)
at org.testng.internal.Invoker.invokeTestMethods(Invoker.java:988)
at org.testng.internal.TestMethodWorker.invokeTestMethods(TestMethodWorker.java:125)
at org.testng.internal.TestMethodWorker.run(TestMethodWorker.java:109)
at org.testng.TestRunner.privateRun(TestRunner.java:648)
at org.testng.TestRunner.run(TestRunner.java:505)
at org.testng.SuiteRunner.runTest(SuiteRunner.java:455)
at org.testng.SuiteRunner.runSequentially(SuiteRunner.java:450)
at org.testng.SuiteRunner.privateRun(SuiteRunner.java:415)
at org.testng.SuiteRunner.run(SuiteRunner.java:364)
at org.testng.SuiteRunnerWorker.runSuite(SuiteRunnerWorker.java:52)
at org.testng.SuiteRunnerWorker.run(SuiteRunnerWorker.java:84)
at org.testng.TestNG.runSuitesSequentially(TestNG.java:1208)
at org.testng.TestNG.runSuitesLocally(TestNG.java:1137)
at org.testng.TestNG.runSuites(TestNG.java:1049)
at org.testng.TestNG.run(TestNG.java:1017)
at org.testng.remote.AbstractRemoteTestNG.run(AbstractRemoteTestNG.java:114)
at org.testng.remote.RemoteTestNG.initAndRun(RemoteTestNG.java:251)
at org.testng.remote.RemoteTestNG.main(RemoteTestNG.java:77)
]]>
            </full-stacktrace>
          </exception> <!-- org.openqa.selenium.InvalidSelectorException -->
          <reporter-output>
          </reporter-output>
        </test-method> <!-- f -->
        <test-method status="PASS" signature="afterClass()[pri:0, instance:com.monkeyapp.test.HelloWorld@6093dd95]" name="afterClass" is-config="true" duration-ms="444" started-at="2018-08-03T09:13:09Z" finished-at="2018-08-03T09:13:10Z">
          <reporter-output>
          </reporter-output>
        </test-method> <!-- afterClass -->
      </class> <!-- com.monkeyapp.test.HelloWorld -->
    </test> <!-- Default test -->
  </suite> <!-- Default suite -->
</testng-results>
