<?xml version="1.0" encoding="UTF-8"?>
<testng-results skipped="0" failed="0" ignored="0" total="1" passed="1">
  <reporter-output>
  </reporter-output>
  <suite name="Default suite" duration-ms="12645" started-at="2018-07-25T14:05:15Z" finished-at="2018-07-25T14:05:28Z">
    <groups>
    </groups>
    <test name="Default test" duration-ms="12645" started-at="2018-07-25T14:05:15Z" finished-at="2018-07-25T14:05:28Z">
      <class name="com.monkeyapp.test.HelloWorld">
        <test-method status="PASS" signature="beforeClass()[pri:0, instance:com.monkeyapp.test.HelloWorld@d8355a8]" name="beforeClass" is-config="true" duration-ms="9294" started-at="2018-07-25T14:05:15Z" finished-at="2018-07-25T14:05:24Z">
          <reporter-output>
          </reporter-output>
        </test-method> <!-- beforeClass -->
        <test-method status="PASS" signature="f()[pri:0, instance:com.monkeyapp.test.HelloWorld@d8355a8]" name="f" duration-ms="3006" started-at="2018-07-25T14:05:24Z" finished-at="2018-07-25T14:05:27Z">
          <reporter-output>
          </reporter-output>
        </test-method> <!-- f -->
        <test-method status="PASS" signature="afterClass()[pri:0, instance:com.monkeyapp.test.HelloWorld@d8355a8]" name="afterClass" is-config="true" duration-ms="317" started-at="2018-07-25T14:05:27Z" finished-at="2018-07-25T14:05:28Z">
          <reporter-output>
          </reporter-output>
        </test-method> <!-- afterClass -->
      </class> <!-- com.monkeyapp.test.HelloWorld -->
    </test> <!-- Default test -->
  </suite> <!-- Default suite -->
</testng-results>
